<?xml version="1.0" encoding="UTF-8"?>
<!-- Generated by org.testng.reporters.JUnitXMLReporter -->
<testsuite hostname="DESKTOP-M0UH53U" ignored="0" name="Login : Mutual Fund" tests="3" failures="0" timestamp="2023-04-01T12:00:11 IST" time="3.929" errors="0">
  <testcase name="@BeforeTest preCondition" time="3.484" classname="com.itview.testng.LoginMutualFund">
    <failure type="org.openqa.selenium.remote.http.ConnectionFailedException" message="Unable to establish websocket connection to http://localhost:52695/devtools/browser/6d3c7ea1-a671-4bd1-b285-598c30f31001
Build info: version: &amp;apos;4.6.0&amp;apos;, revision: &amp;apos;79f1c02ae20&amp;apos;
System info: os.name: &amp;apos;Windows 11&amp;apos;, os.arch: &amp;apos;amd64&amp;apos;, os.version: &amp;apos;10.0&amp;apos;, java.version: &amp;apos;1.8.0_321&amp;apos;
Driver info: driver.version: ChromeDriver">
      <![CDATA[org.openqa.selenium.remote.http.ConnectionFailedException: Unable to establish websocket connection to http://localhost:52695/devtools/browser/6d3c7ea1-a671-4bd1-b285-598c30f31001
Build info: version: '4.6.0', revision: '79f1c02ae20'
System info: os.name: 'Windows 11', os.arch: 'amd64', os.version: '10.0', java.version: '1.8.0_321'
Driver info: driver.version: ChromeDriver
at org.openqa.selenium.remote.http.netty.NettyWebSocket.<init>(NettyWebSocket.java:102)
at org.openqa.selenium.remote.http.netty.NettyWebSocket.lambda$create$3(NettyWebSocket.java:128)
at org.openqa.selenium.remote.http.netty.NettyClient.openSocket(NettyClient.java:107)
at org.openqa.selenium.devtools.Connection.<init>(Connection.java:77)
at org.openqa.selenium.chromium.ChromiumDriver.lambda$new$2(ChromiumDriver.java:116)
at java.util.Optional.map(Optional.java:215)
at org.openqa.selenium.chromium.ChromiumDriver.<init>(ChromiumDriver.java:114)
at org.openqa.selenium.chrome.ChromeDriver.<init>(ChromeDriver.java:81)
at org.openqa.selenium.chrome.ChromeDriver.<init>(ChromeDriver.java:49)
at com.itview.testng.LoginMutualFund.preCondition(LoginMutualFund.java:18)
at java.util.concurrent.FutureTask.run(FutureTask.java:266)
at java.util.concurrent.ThreadPoolExecutor.runWorker(ThreadPoolExecutor.java:1149)
at java.util.concurrent.ThreadPoolExecutor$Worker.run(ThreadPoolExecutor.java:624)
at java.lang.Thread.run(Thread.java:750)
... Removed 15 stack frames]]>
    </failure>
  </testcase> <!-- @BeforeTest preCondition -->
  <testcase name="@AfterTest postCondition" time="-1.680330611016E9" classname="com.itview.testng.LoginMutualFund">
    <skipped/>
  </testcase> <!-- @AfterTest postCondition -->
  <testcase name="loginAdmin" time="0.0" classname="com.itview.testng.LoginMutualFund">
    <skipped/>
  </testcase> <!-- loginAdmin -->
  <testcase name="loginTestUser" time="0.0" classname="com.itview.testng.LoginMutualFund">
    <skipped/>
  </testcase> <!-- loginTestUser -->
  <testcase name="loginJsmith" time="0.0" classname="com.itview.testng.LoginMutualFund">
    <skipped/>
  </testcase> <!-- loginJsmith -->
</testsuite> <!-- Login : Mutual Fund -->
